<?xml version="1.0" encoding="UTF-8"?>
<!-- Generated by org.testng.reporters.JUnitReportReporter -->
<testsuite hostname="Yogesh" failures="0" tests="1" name="scripts.Tc3" time="0.002" errors="0" timestamp="2023-04-27T22:08:55 IST" skipped="0">
  <testcase classname="scripts.Tc3" name="demo" time="0.002"/>
  <system-out>
    <![CDATA[hello python]]>
  </system-out>
</testsuite> <!-- scripts.Tc3 -->
