<?xml version="1.0" encoding="UTF-8"?>
<!-- Generated by org.testng.reporters.JUnitReportReporter -->
<testsuite hostname="Yogesh" failures="0" tests="1" name="scripts.Tc4" time="0.000" errors="0" timestamp="2023-04-27T22:08:55 IST" skipped="0">
  <testcase classname="scripts.Tc4" name="demo" time="0.000"/>
  <system-out>
    <![CDATA[hello html]]>
  </system-out>
</testsuite> <!-- scripts.Tc4 -->
