<?xml version="1.0" encoding="UTF-8"?>
<!-- Generated by org.testng.reporters.JUnitReportReporter -->
<testsuite hostname="Yogesh" failures="0" tests="1" name="scripts.Tc2" time="0.001" errors="0" timestamp="2023-04-27T22:08:55 IST" skipped="0">
  <testcase classname="scripts.Tc2" name="demo" time="0.001"/>
  <system-out>
    <![CDATA[hello selenium]]>
  </system-out>
</testsuite> <!-- scripts.Tc2 -->
